Using pre-set license
Built from '2020.3/staging' branch; Version is '2020.3.0f1 (c7b5465681fb) revision 13088070'; Using compiler version '192528614'; Build Type 'Release'
OS: 'Windows 10 Home; OS build 19043.1526; Version 2009; 64bit' Language: 'ko' Physical Memory: 24433 MB
BatchMode: 1, IsHumanControllingUs: 0, StartBugReporterOnCrash: 0, Is64bit: 1, IsPro: 0

 COMMAND LINE ARGUMENTS:
D:\asas\Editor\Unity.exe
-adb2
-batchMode
-noUpm
-name
AssetImportWorker0
-projectPath
D:/admin/study2/Games
-logFile
Logs/AssetImportWorker0.log
-srvPort
61150
Successfully changed project path to: D:/admin/study2/Games
D:/admin/study2/Games
Using Asset Import Pipeline V2.
Refreshing native plugins compatible for Editor in 22.05 ms, found 0 plugins.
Preloading 0 native plugins for Editor in 0.00 ms.
Initialize engine version: 2020.3.0f1 (c7b5465681fb)
[Subsystems] Discovering subsystems at path D:/asas/Editor/Data/Resources/UnitySubsystems
[Subsystems] Discovering subsystems at path D:/admin/study2/Games/Assets
GfxDevice: creating device client; threaded=0
Direct3D:
    Version:  Direct3D 11.0 [level 11.1]
    Renderer: NVIDIA GeForce GTX 1650 (ID=0x1f91)
    Vendor:   
    VRAM:     3962 MB
    Driver:   27.21.14.6242
Initialize mono
Mono path[0] = 'D:/asas/Editor/Data/Managed'
Mono path[1] = 'D:/asas/Editor/Data/MonoBleedingEdge/lib/mono/unityjit'
Mono config path = 'D:/asas/Editor/Data/MonoBleedingEdge/etc'
Using monoOptions --debugger-agent=transport=dt_socket,embedding=1,server=y,suspend=n,address=127.0.0.1:56180
Begin MonoManager ReloadAssembly
Registering precompiled unity dll's ...
Register platform support module: D:/asas/Editor/Data/PlaybackEngines/WindowsStandaloneSupport/UnityEditor.WindowsStandalone.Extensions.dll
Registered in 0.001762 seconds.
Native extension for WindowsStandalone target not found
Refreshing native plugins compatible for Editor in 54.28 ms, found 0 plugins.
Preloading 0 native plugins for Editor in 0.00 ms.
Invoked RoslynAnalysisRunner static constructor.
RoslynAnalysisRunner will not be running.
RoslynAnalysisRunner has terminated.
Mono: successfully reloaded assembly
- Completed reload, in  1.441 seconds
Platform modules already initialized, skipping
Registering precompiled user dll's ...
Registered in 0.000950 seconds.
Begin MonoManager ReloadAssembly
Native extension for WindowsStandalone target not found
Refreshing native plugins compatible for Editor in 0.18 ms, found 0 plugins.
Preloading 0 native plugins for Editor in 0.00 ms.
Invoked RoslynAnalysisRunner static constructor.
RoslynAnalysisRunner will not be running.
RoslynAnalysisRunner has terminated.
Mono: successfully reloaded assembly
- Completed reload, in  1.041 seconds
Platform modules already initialized, skipping
========================================================================
Worker process is ready to serve import requests
Launched and connected shader compiler UnityShaderCompiler.exe after 0.10 seconds
Refreshing native plugins compatible for Editor in 0.22 ms, found 0 plugins.
Preloading 0 native plugins for Editor in 0.00 ms.
Unloading 1117 Unused Serialized files (Serialized files now loaded: 0)
System memory in use before: 57.4 MB.
System memory in use after: 57.4 MB.

Unloading 10 unused Assets to reduce memory usage. Loaded Objects now: 1561.
Total: 2.242700 ms (FindLiveObjects: 0.149100 ms CreateObjectMapping: 0.044200 ms MarkObjects: 1.955700 ms  DeleteObjects: 0.092100 ms)

========================================================================
Received Import Request.
  path: Assets/90.Shooting/Audios
  artifactKey: Guid(33ceb5332aa858549880d93f66cfcbc3) Importer(815301076,1909f56bfc062723c751e8b465ee728b)
Start importing Assets/90.Shooting/Audios using Guid(33ceb5332aa858549880d93f66cfcbc3) Importer(815301076,1909f56bfc062723c751e8b465ee728b)  -> (artifact id: '207812ee478bd5c72e271c1d417babf7') in 0.005502 seconds
  Import took 0.007447 seconds .

========================================================================
Received Import Request.
  Time since last request: 11.713200 seconds.
  path: Assets/90.Shooting/Audios/Laser_Shoot.wav
  artifactKey: Guid(3a53b13010b3c5c4cb251fa4f895bfef) Importer(815301076,1909f56bfc062723c751e8b465ee728b)
Start importing Assets/90.Shooting/Audios/Laser_Shoot.wav using Guid(3a53b13010b3c5c4cb251fa4f895bfef) Importer(815301076,1909f56bfc062723c751e8b465ee728b)  -> (artifact id: 'a1c29f05a08e9921449728e3c1e21d6a') in 0.124249 seconds
  Import took 0.126119 seconds .

========================================================================
Received Import Request.
  Time since last request: 34.269314 seconds.
  path: Assets/90.Shooting/Audios/Explosion4.wav
  artifactKey: Guid(4147aa6d5d62d6e41a9e8c04ac5c4701) Importer(815301076,1909f56bfc062723c751e8b465ee728b)
Start importing Assets/90.Shooting/Audios/Explosion4.wav using Guid(4147aa6d5d62d6e41a9e8c04ac5c4701) Importer(815301076,1909f56bfc062723c751e8b465ee728b)  -> (artifact id: 'feb18848891240007792e604576e694f') in 0.015864 seconds
  Import took 0.018117 seconds .

========================================================================
Received Import Request.
  Time since last request: 68.688850 seconds.
  path: Assets/90.Shooting/Scripts/EnemyControl.cs
  artifactKey: Guid(842cd533cc8945e4eb7ca06eabae8260) Importer(815301076,1909f56bfc062723c751e8b465ee728b)
Start importing Assets/90.Shooting/Scripts/EnemyControl.cs using Guid(842cd533cc8945e4eb7ca06eabae8260) Importer(815301076,1909f56bfc062723c751e8b465ee728b)  -> (artifact id: '11d29fa2dc651e052db8393c6a2cab5e') in 0.080196 seconds
  Import took 0.082495 seconds .

========================================================================
Received Import Request.
  Time since last request: 0.156066 seconds.
  path: Assets/90.Shooting/Scripts/EnemyControl.cs
  artifactKey: Guid(842cd533cc8945e4eb7ca06eabae8260) Importer(815301076,1909f56bfc062723c751e8b465ee728b)
Start importing Assets/90.Shooting/Scripts/EnemyControl.cs using Guid(842cd533cc8945e4eb7ca06eabae8260) Importer(815301076,1909f56bfc062723c751e8b465ee728b)  -> (artifact id: '11d29fa2dc651e052db8393c6a2cab5e') in 0.003649 seconds
  Import took 0.005435 seconds .

========================================================================
Received Import Request.
  Time since last request: 1.141159 seconds.
  path: Assets/90.Shooting/Scripts/BulletControl.cs
  artifactKey: Guid(b7037abbd93382d45bbfd970dc2b2a3b) Importer(815301076,1909f56bfc062723c751e8b465ee728b)
Start importing Assets/90.Shooting/Scripts/BulletControl.cs using Guid(b7037abbd93382d45bbfd970dc2b2a3b) Importer(815301076,1909f56bfc062723c751e8b465ee728b)  -> (artifact id: 'db23351408e9497fd464b990b1b40350') in 0.003621 seconds
  Import took 0.005458 seconds .

========================================================================
Received Import Request.
  Time since last request: 1.107389 seconds.
  path: Assets/90.Shooting/Scripts/PlayerControl.cs
  artifactKey: Guid(d5d55b2be2d49c748996f160ce177a8c) Importer(815301076,1909f56bfc062723c751e8b465ee728b)
Start importing Assets/90.Shooting/Scripts/PlayerControl.cs using Guid(d5d55b2be2d49c748996f160ce177a8c) Importer(815301076,1909f56bfc062723c751e8b465ee728b)  -> (artifact id: 'e1a8e05f01e589ebbe1f0ece5e82c14b') in 0.003767 seconds
  Import took 0.005426 seconds .

========================================================================
Received Import Request.
  Time since last request: 0.007459 seconds.
  path: Assets/90.Shooting/Scripts/PlayerControl.cs
  artifactKey: Guid(d5d55b2be2d49c748996f160ce177a8c) Importer(815301076,1909f56bfc062723c751e8b465ee728b)
Start importing Assets/90.Shooting/Scripts/PlayerControl.cs using Guid(d5d55b2be2d49c748996f160ce177a8c) Importer(815301076,1909f56bfc062723c751e8b465ee728b)  -> (artifact id: 'e1a8e05f01e589ebbe1f0ece5e82c14b') in 0.003524 seconds
  Import took 0.005437 seconds .

========================================================================
Received Import Request.
  Time since last request: 16.103505 seconds.
  path: Assets/90.Shooting/Prefabs/Explosion.prefab
  artifactKey: Guid(f4be13c85c093634eb828eb545435a8d) Importer(815301076,1909f56bfc062723c751e8b465ee728b)
Start importing Assets/90.Shooting/Prefabs/Explosion.prefab using Guid(f4be13c85c093634eb828eb545435a8d) Importer(815301076,1909f56bfc062723c751e8b465ee728b)  -> (artifact id: '742be13fc8b19c465eedfdea1291fa1b') in 0.061698 seconds
  Import took 0.065807 seconds .

========================================================================
Received Import Request.
  Time since last request: 11.962547 seconds.
  path: Assets/90.Shooting/Prefabs/BulletPrefab.prefab
  artifactKey: Guid(89a5d8a0baf2cb2408dd69b7c915192f) Importer(815301076,1909f56bfc062723c751e8b465ee728b)
Start importing Assets/90.Shooting/Prefabs/BulletPrefab.prefab using Guid(89a5d8a0baf2cb2408dd69b7c915192f) Importer(815301076,1909f56bfc062723c751e8b465ee728b)  -> (artifact id: '623cf00efe41356e39dda263d17e8184') in 0.023107 seconds
  Import took 0.025527 seconds .

========================================================================
Received Import Request.
  Time since last request: 2.858748 seconds.
  path: Assets/90.Shooting/Prefabs/BulletPrefab.prefab
  artifactKey: Guid(89a5d8a0baf2cb2408dd69b7c915192f) Importer(815301076,1909f56bfc062723c751e8b465ee728b)
Start importing Assets/90.Shooting/Prefabs/BulletPrefab.prefab using Guid(89a5d8a0baf2cb2408dd69b7c915192f) Importer(815301076,1909f56bfc062723c751e8b465ee728b)  -> (artifact id: 'c9607b9996500e7a01fd009d78f3294d') in 0.018487 seconds
  Import took 0.021660 seconds .

========================================================================
Received Prepare
Registering precompiled user dll's ...
Registered in 0.001317 seconds.
Begin MonoManager ReloadAssembly
Native extension for WindowsStandalone target not found
Refreshing native plugins compatible for Editor in 0.19 ms, found 0 plugins.
Preloading 0 native plugins for Editor in 0.00 ms.
Invoked RoslynAnalysisRunner static constructor.
RoslynAnalysisRunner will not be running.
RoslynAnalysisRunner has terminated.
Mono: successfully reloaded assembly
- Completed reload, in  0.828 seconds
Platform modules already initialized, skipping
Refreshing native plugins compatible for Editor in 0.20 ms, found 0 plugins.
Preloading 0 native plugins for Editor in 0.00 ms.
Unloading 1112 Unused Serialized files (Serialized files now loaded: 0)
System memory in use before: 60.5 MB.
System memory in use after: 60.6 MB.

Unloading 5 unused Assets to reduce memory usage. Loaded Objects now: 1573.
Total: 1.698200 ms (FindLiveObjects: 0.153300 ms CreateObjectMapping: 0.047200 ms MarkObjects: 1.456800 ms  DeleteObjects: 0.039700 ms)

========================================================================
Received Import Request.
  Time since last request: 65.746652 seconds.
  path: Assets/90.Shooting/Prefabs/Explosion.prefab
  artifactKey: Guid(f4be13c85c093634eb828eb545435a8d) Importer(815301076,1909f56bfc062723c751e8b465ee728b)
Start importing Assets/90.Shooting/Prefabs/Explosion.prefab using Guid(f4be13c85c093634eb828eb545435a8d) Importer(815301076,1909f56bfc062723c751e8b465ee728b)  -> (artifact id: '3392b96f7a781fc05d04f234bcd2fb91') in 0.148373 seconds
  Import took 0.152606 seconds .

========================================================================
Received Import Request.
  Time since last request: 2.798613 seconds.
  path: Assets/90.Shooting/Prefabs/Explosion.prefab
  artifactKey: Guid(f4be13c85c093634eb828eb545435a8d) Importer(815301076,1909f56bfc062723c751e8b465ee728b)
Start importing Assets/90.Shooting/Prefabs/Explosion.prefab using Guid(f4be13c85c093634eb828eb545435a8d) Importer(815301076,1909f56bfc062723c751e8b465ee728b)  -> (artifact id: 'f924c1be7af2a2be81bbdfddee883f2d') in 0.021661 seconds
  Import took 0.023620 seconds .

========================================================================
Received Prepare
Registering precompiled user dll's ...
Registered in 0.001269 seconds.
Begin MonoManager ReloadAssembly
Native extension for WindowsStandalone target not found
Refreshing native plugins compatible for Editor in 0.19 ms, found 0 plugins.
Preloading 0 native plugins for Editor in 0.00 ms.
Invoked RoslynAnalysisRunner static constructor.
RoslynAnalysisRunner will not be running.
RoslynAnalysisRunner has terminated.
Mono: successfully reloaded assembly
- Completed reload, in  0.988 seconds
Platform modules already initialized, skipping
Refreshing native plugins compatible for Editor in 0.18 ms, found 0 plugins.
Preloading 0 native plugins for Editor in 0.00 ms.
Unloading 1112 Unused Serialized files (Serialized files now loaded: 0)
System memory in use before: 60.6 MB.
System memory in use after: 60.6 MB.

Unloading 5 unused Assets to reduce memory usage. Loaded Objects now: 1577.
Total: 2.066000 ms (FindLiveObjects: 0.654800 ms CreateObjectMapping: 0.035600 ms MarkObjects: 1.334500 ms  DeleteObjects: 0.040000 ms)

========================================================================
Received Import Request.
  Time since last request: 651.012644 seconds.
  path: Assets/90.Shooting/Scripts/BackgroundControl.cs
  artifactKey: Guid(a7ad5330d30e3214591f0b415a6ab1ec) Importer(815301076,1909f56bfc062723c751e8b465ee728b)
Start importing Assets/90.Shooting/Scripts/BackgroundControl.cs using Guid(a7ad5330d30e3214591f0b415a6ab1ec) Importer(815301076,1909f56bfc062723c751e8b465ee728b)  -> (artifact id: '56907b2dde921eb265d07887aa751298') in 0.011262 seconds
  Import took 0.014357 seconds .

========================================================================
Received Prepare
Registering precompiled user dll's ...
Registered in 0.000806 seconds.
Begin MonoManager ReloadAssembly
Native extension for WindowsStandalone target not found
Refreshing native plugins compatible for Editor in 0.19 ms, found 0 plugins.
Preloading 0 native plugins for Editor in 0.00 ms.
Invoked RoslynAnalysisRunner static constructor.
RoslynAnalysisRunner will not be running.
RoslynAnalysisRunner has terminated.
Mono: successfully reloaded assembly
- Completed reload, in  0.861 seconds
Platform modules already initialized, skipping
Refreshing native plugins compatible for Editor in 0.20 ms, found 0 plugins.
Preloading 0 native plugins for Editor in 0.00 ms.
Unloading 1113 Unused Serialized files (Serialized files now loaded: 0)
System memory in use before: 60.6 MB.
System memory in use after: 60.7 MB.

Unloading 5 unused Assets to reduce memory usage. Loaded Objects now: 1581.
Total: 1.822200 ms (FindLiveObjects: 0.279500 ms CreateObjectMapping: 0.050600 ms MarkObjects: 1.438800 ms  DeleteObjects: 0.051400 ms)

========================================================================
Received Prepare
Registering precompiled user dll's ...
Registered in 0.000751 seconds.
Begin MonoManager ReloadAssembly
Native extension for WindowsStandalone target not found
Refreshing native plugins compatible for Editor in 0.18 ms, found 0 plugins.
Preloading 0 native plugins for Editor in 0.00 ms.
Invoked RoslynAnalysisRunner static constructor.
RoslynAnalysisRunner will not be running.
RoslynAnalysisRunner has terminated.
Mono: successfully reloaded assembly
- Completed reload, in  0.836 seconds
Platform modules already initialized, skipping
Refreshing native plugins compatible for Editor in 0.22 ms, found 0 plugins.
Preloading 0 native plugins for Editor in 0.00 ms.
Unloading 1113 Unused Serialized files (Serialized files now loaded: 0)
System memory in use before: 60.6 MB.
System memory in use after: 60.7 MB.

Unloading 5 unused Assets to reduce memory usage. Loaded Objects now: 1584.
Total: 2.800600 ms (FindLiveObjects: 0.300200 ms CreateObjectMapping: 0.092100 ms MarkObjects: 2.333200 ms  DeleteObjects: 0.072300 ms)

========================================================================
Received Prepare
Registering precompiled user dll's ...
Registered in 0.000806 seconds.
Begin MonoManager ReloadAssembly
Native extension for WindowsStandalone target not found
Refreshing native plugins compatible for Editor in 0.19 ms, found 0 plugins.
Preloading 0 native plugins for Editor in 0.00 ms.
Invoked RoslynAnalysisRunner static constructor.
RoslynAnalysisRunner will not be running.
RoslynAnalysisRunner has terminated.
Mono: successfully reloaded assembly
- Completed reload, in  0.903 seconds
Platform modules already initialized, skipping
Refreshing native plugins compatible for Editor in 0.22 ms, found 0 plugins.
Preloading 0 native plugins for Editor in 0.00 ms.
Unloading 1113 Unused Serialized files (Serialized files now loaded: 0)
System memory in use before: 60.6 MB.
System memory in use after: 60.7 MB.

Unloading 5 unused Assets to reduce memory usage. Loaded Objects now: 1587.
Total: 1.933600 ms (FindLiveObjects: 0.162600 ms CreateObjectMapping: 0.052100 ms MarkObjects: 1.662600 ms  DeleteObjects: 0.054600 ms)

========================================================================
Received Prepare
Registering precompiled user dll's ...
Registered in 0.000874 seconds.
Begin MonoManager ReloadAssembly
Native extension for WindowsStandalone target not found
Refreshing native plugins compatible for Editor in 0.19 ms, found 0 plugins.
Preloading 0 native plugins for Editor in 0.00 ms.
Invoked RoslynAnalysisRunner static constructor.
RoslynAnalysisRunner will not be running.
RoslynAnalysisRunner has terminated.
Mono: successfully reloaded assembly
- Completed reload, in  1.047 seconds
Platform modules already initialized, skipping
Refreshing native plugins compatible for Editor in 0.51 ms, found 0 plugins.
Preloading 0 native plugins for Editor in 0.00 ms.
Unloading 1113 Unused Serialized files (Serialized files now loaded: 0)
System memory in use before: 60.6 MB.
System memory in use after: 60.7 MB.

Unloading 5 unused Assets to reduce memory usage. Loaded Objects now: 1590.
Total: 2.409100 ms (FindLiveObjects: 0.170600 ms CreateObjectMapping: 0.055700 ms MarkObjects: 2.125300 ms  DeleteObjects: 0.056400 ms)

========================================================================
Received Prepare
Registering precompiled user dll's ...
Registered in 0.000875 seconds.
Begin MonoManager ReloadAssembly
Native extension for WindowsStandalone target not found
Refreshing native plugins compatible for Editor in 0.20 ms, found 0 plugins.
Preloading 0 native plugins for Editor in 0.00 ms.
Invoked RoslynAnalysisRunner static constructor.
RoslynAnalysisRunner will not be running.
RoslynAnalysisRunner has terminated.
Mono: successfully reloaded assembly
- Completed reload, in  0.934 seconds
Platform modules already initialized, skipping
Refreshing native plugins compatible for Editor in 0.29 ms, found 0 plugins.
Preloading 0 native plugins for Editor in 0.00 ms.
Unloading 1113 Unused Serialized files (Serialized files now loaded: 0)
System memory in use before: 60.6 MB.
System memory in use after: 60.7 MB.

Unloading 5 unused Assets to reduce memory usage. Loaded Objects now: 1593.
Total: 2.889200 ms (FindLiveObjects: 0.197200 ms CreateObjectMapping: 0.060500 ms MarkObjects: 2.563600 ms  DeleteObjects: 0.066400 ms)

========================================================================
Received Prepare
Registering precompiled user dll's ...
Registered in 0.000804 seconds.
Begin MonoManager ReloadAssembly
Native extension for WindowsStandalone target not found
Refreshing native plugins compatible for Editor in 0.19 ms, found 0 plugins.
Preloading 0 native plugins for Editor in 0.00 ms.
Invoked RoslynAnalysisRunner static constructor.
RoslynAnalysisRunner will not be running.
RoslynAnalysisRunner has terminated.
Mono: successfully reloaded assembly
- Completed reload, in  0.885 seconds
Platform modules already initialized, skipping
Refreshing native plugins compatible for Editor in 0.22 ms, found 0 plugins.
Preloading 0 native plugins for Editor in 0.00 ms.
Unloading 1113 Unused Serialized files (Serialized files now loaded: 0)
System memory in use before: 60.6 MB.
System memory in use after: 60.7 MB.

Unloading 5 unused Assets to reduce memory usage. Loaded Objects now: 1596.
Total: 2.700100 ms (FindLiveObjects: 0.162400 ms CreateObjectMapping: 0.046400 ms MarkObjects: 2.433500 ms  DeleteObjects: 0.056700 ms)

========================================================================
Received Prepare
Registering precompiled user dll's ...
Registered in 0.001668 seconds.
Begin MonoManager ReloadAssembly
Native extension for WindowsStandalone target not found
Refreshing native plugins compatible for Editor in 0.19 ms, found 0 plugins.
Preloading 0 native plugins for Editor in 0.00 ms.
Invoked RoslynAnalysisRunner static constructor.
RoslynAnalysisRunner will not be running.
RoslynAnalysisRunner has terminated.
Mono: successfully reloaded assembly
- Completed reload, in  0.978 seconds
Platform modules already initialized, skipping
Refreshing native plugins compatible for Editor in 0.23 ms, found 0 plugins.
Preloading 0 native plugins for Editor in 0.00 ms.
Unloading 1113 Unused Serialized files (Serialized files now loaded: 0)
System memory in use before: 60.6 MB.
System memory in use after: 60.7 MB.

Unloading 5 unused Assets to reduce memory usage. Loaded Objects now: 1599.
Total: 1.635600 ms (FindLiveObjects: 0.125100 ms CreateObjectMapping: 0.025500 ms MarkObjects: 1.443300 ms  DeleteObjects: 0.040800 ms)

========================================================================
Received Import Request.
  Time since last request: 750.589783 seconds.
  path: Assets/90.Shooting/GUISkin
  artifactKey: Guid(1435d45cf7118694f8b2d7e8f44abbdf) Importer(815301076,1909f56bfc062723c751e8b465ee728b)
Start importing Assets/90.Shooting/GUISkin using Guid(1435d45cf7118694f8b2d7e8f44abbdf) Importer(815301076,1909f56bfc062723c751e8b465ee728b)  -> (artifact id: 'c34fe8c07879320060ffa4b4ca4639ad') in 0.008133 seconds
  Import took 0.011151 seconds .

========================================================================
Received Import Request.
  Time since last request: 20.738620 seconds.
  path: Assets/90.Shooting/GUISkin/MySkin.guiskin
  artifactKey: Guid(34ebad236e9017a4193c41c7fcdd87e0) Importer(815301076,1909f56bfc062723c751e8b465ee728b)
Start importing Assets/90.Shooting/GUISkin/MySkin.guiskin using Guid(34ebad236e9017a4193c41c7fcdd87e0) Importer(815301076,1909f56bfc062723c751e8b465ee728b)  -> (artifact id: 'e02fc335bb90a6967a549652cf3ec542') in 0.023565 seconds
  Import took 0.026013 seconds .

========================================================================
Received Import Request.
  Time since last request: 0.002761 seconds.
  path: Assets/90.Shooting/GUISkin/MySkin.guiskin
  artifactKey: Guid(34ebad236e9017a4193c41c7fcdd87e0) Importer(815301076,1909f56bfc062723c751e8b465ee728b)
Start importing Assets/90.Shooting/GUISkin/MySkin.guiskin using Guid(34ebad236e9017a4193c41c7fcdd87e0) Importer(815301076,1909f56bfc062723c751e8b465ee728b)  -> (artifact id: 'e02fc335bb90a6967a549652cf3ec542') in 0.005105 seconds
  Import took 0.007063 seconds .

========================================================================
Received Import Request.
  Time since last request: 123.611749 seconds.
  path: Assets/90.Shooting/GUISkin/MySkin.guiskin
  artifactKey: Guid(34ebad236e9017a4193c41c7fcdd87e0) Importer(815301076,1909f56bfc062723c751e8b465ee728b)
Start importing Assets/90.Shooting/GUISkin/MySkin.guiskin using Guid(34ebad236e9017a4193c41c7fcdd87e0) Importer(815301076,1909f56bfc062723c751e8b465ee728b)  -> (artifact id: '8c9043998d01f78cb9d66213bfef54ec') in 0.006467 seconds
  Import took 0.008782 seconds .

========================================================================
Received Import Request.
  Time since last request: 0.000946 seconds.
  path: Assets/90.Shooting/GUISkin/MySkin.guiskin
  artifactKey: Guid(34ebad236e9017a4193c41c7fcdd87e0) Importer(815301076,1909f56bfc062723c751e8b465ee728b)
Start importing Assets/90.Shooting/GUISkin/MySkin.guiskin using Guid(34ebad236e9017a4193c41c7fcdd87e0) Importer(815301076,1909f56bfc062723c751e8b465ee728b)  -> (artifact id: '8c9043998d01f78cb9d66213bfef54ec') in 0.005566 seconds
  Import took 0.007919 seconds .

========================================================================
Received Import Request.
  Time since last request: 40.245449 seconds.
  path: Assets/90.Shooting/Scripts/MainControl.cs
  artifactKey: Guid(67c93bf5cf41a8c4bad2bb1cc81dc1b8) Importer(815301076,1909f56bfc062723c751e8b465ee728b)
Start importing Assets/90.Shooting/Scripts/MainControl.cs using Guid(67c93bf5cf41a8c4bad2bb1cc81dc1b8) Importer(815301076,1909f56bfc062723c751e8b465ee728b)  -> (artifact id: '18a48b8f248e848c715790d3978c19a6') in 0.005021 seconds
  Import took 0.007168 seconds .

========================================================================
Received Prepare
Registering precompiled user dll's ...
Registered in 0.000760 seconds.
Begin MonoManager ReloadAssembly
Native extension for WindowsStandalone target not found
Refreshing native plugins compatible for Editor in 0.25 ms, found 0 plugins.
Preloading 0 native plugins for Editor in 0.00 ms.
Invoked RoslynAnalysisRunner static constructor.
RoslynAnalysisRunner will not be running.
RoslynAnalysisRunner has terminated.
Mono: successfully reloaded assembly
- Completed reload, in  0.792 seconds
Platform modules already initialized, skipping
Refreshing native plugins compatible for Editor in 0.26 ms, found 0 plugins.
Preloading 0 native plugins for Editor in 0.00 ms.
Unloading 1114 Unused Serialized files (Serialized files now loaded: 0)
System memory in use before: 60.7 MB.
System memory in use after: 60.8 MB.

Unloading 5 unused Assets to reduce memory usage. Loaded Objects now: 1605.
Total: 1.705900 ms (FindLiveObjects: 0.159600 ms CreateObjectMapping: 0.047300 ms MarkObjects: 1.444800 ms  DeleteObjects: 0.052600 ms)

========================================================================
Received Prepare
Registering precompiled user dll's ...
Registered in 0.000787 seconds.
Begin MonoManager ReloadAssembly
Native extension for WindowsStandalone target not found
Refreshing native plugins compatible for Editor in 0.20 ms, found 0 plugins.
Preloading 0 native plugins for Editor in 0.00 ms.
Invoked RoslynAnalysisRunner static constructor.
RoslynAnalysisRunner will not be running.
RoslynAnalysisRunner has terminated.
Mono: successfully reloaded assembly
- Completed reload, in  0.891 seconds
Platform modules already initialized, skipping
Refreshing native plugins compatible for Editor in 0.24 ms, found 0 plugins.
Preloading 0 native plugins for Editor in 0.00 ms.
Unloading 1114 Unused Serialized files (Serialized files now loaded: 0)
System memory in use before: 60.7 MB.
System memory in use after: 60.8 MB.

Unloading 5 unused Assets to reduce memory usage. Loaded Objects now: 1608.
Total: 2.150800 ms (FindLiveObjects: 0.302900 ms CreateObjectMapping: 0.063100 ms MarkObjects: 1.738300 ms  DeleteObjects: 0.044900 ms)

========================================================================
Received Import Request.
  Time since last request: 219.703340 seconds.
  path: Assets/90.Shooting/Scripts/MainControl.cs
  artifactKey: Guid(67c93bf5cf41a8c4bad2bb1cc81dc1b8) Importer(815301076,1909f56bfc062723c751e8b465ee728b)
Start importing Assets/90.Shooting/Scripts/MainControl.cs using Guid(67c93bf5cf41a8c4bad2bb1cc81dc1b8) Importer(815301076,1909f56bfc062723c751e8b465ee728b)  -> (artifact id: '72f531796dcffd1bf98b0c6be0459c25') in 0.007212 seconds
  Import took 0.009625 seconds .

========================================================================
Received Prepare
Registering precompiled user dll's ...
Registered in 0.000758 seconds.
Begin MonoManager ReloadAssembly
Native extension for WindowsStandalone target not found
Refreshing native plugins compatible for Editor in 0.18 ms, found 0 plugins.
Preloading 0 native plugins for Editor in 0.00 ms.
Invoked RoslynAnalysisRunner static constructor.
RoslynAnalysisRunner will not be running.
RoslynAnalysisRunner has terminated.
Mono: successfully reloaded assembly
- Completed reload, in  1.016 seconds
Platform modules already initialized, skipping
Refreshing native plugins compatible for Editor in 0.34 ms, found 0 plugins.
Preloading 0 native plugins for Editor in 0.00 ms.
Unloading 1114 Unused Serialized files (Serialized files now loaded: 0)
System memory in use before: 60.8 MB.
System memory in use after: 60.8 MB.

Unloading 5 unused Assets to reduce memory usage. Loaded Objects now: 1611.
Total: 2.791700 ms (FindLiveObjects: 0.194700 ms CreateObjectMapping: 0.060600 ms MarkObjects: 2.460400 ms  DeleteObjects: 0.074500 ms)

========================================================================
Received Prepare
Registering precompiled user dll's ...
Registered in 0.001040 seconds.
Begin MonoManager ReloadAssembly
Native extension for WindowsStandalone target not found
Refreshing native plugins compatible for Editor in 0.18 ms, found 0 plugins.
Preloading 0 native plugins for Editor in 0.00 ms.
Invoked RoslynAnalysisRunner static constructor.
RoslynAnalysisRunner will not be running.
RoslynAnalysisRunner has terminated.
Mono: successfully reloaded assembly
- Completed reload, in  0.921 seconds
Platform modules already initialized, skipping
Refreshing native plugins compatible for Editor in 0.28 ms, found 0 plugins.
Preloading 0 native plugins for Editor in 0.00 ms.
Unloading 1114 Unused Serialized files (Serialized files now loaded: 0)
System memory in use before: 60.8 MB.
System memory in use after: 60.8 MB.

Unloading 5 unused Assets to reduce memory usage. Loaded Objects now: 1614.
Total: 4.408800 ms (FindLiveObjects: 0.324100 ms CreateObjectMapping: 0.118200 ms MarkObjects: 3.842400 ms  DeleteObjects: 0.120800 ms)

========================================================================
Received Prepare
Registering precompiled user dll's ...
Registered in 0.000868 seconds.
Begin MonoManager ReloadAssembly
Native extension for WindowsStandalone target not found
Refreshing native plugins compatible for Editor in 0.45 ms, found 0 plugins.
Preloading 0 native plugins for Editor in 0.00 ms.
Invoked RoslynAnalysisRunner static constructor.
RoslynAnalysisRunner will not be running.
RoslynAnalysisRunner has terminated.
Mono: successfully reloaded assembly
- Completed reload, in  0.917 seconds
Platform modules already initialized, skipping
Refreshing native plugins compatible for Editor in 0.34 ms, found 0 plugins.
Preloading 0 native plugins for Editor in 0.00 ms.
Unloading 1114 Unused Serialized files (Serialized files now loaded: 0)
System memory in use before: 60.8 MB.
System memory in use after: 60.8 MB.

Unloading 5 unused Assets to reduce memory usage. Loaded Objects now: 1617.
Total: 3.255800 ms (FindLiveObjects: 0.252100 ms CreateObjectMapping: 0.066700 ms MarkObjects: 2.845400 ms  DeleteObjects: 0.088100 ms)

========================================================================
Received Prepare
Registering precompiled user dll's ...
Registered in 0.000771 seconds.
Begin MonoManager ReloadAssembly
Native extension for WindowsStandalone target not found
Refreshing native plugins compatible for Editor in 0.28 ms, found 0 plugins.
Preloading 0 native plugins for Editor in 0.00 ms.
Invoked RoslynAnalysisRunner static constructor.
RoslynAnalysisRunner will not be running.
RoslynAnalysisRunner has terminated.
Mono: successfully reloaded assembly
- Completed reload, in  0.938 seconds
Platform modules already initialized, skipping
Refreshing native plugins compatible for Editor in 0.36 ms, found 0 plugins.
Preloading 0 native plugins for Editor in 0.00 ms.
Unloading 1114 Unused Serialized files (Serialized files now loaded: 0)
System memory in use before: 60.8 MB.
System memory in use after: 60.8 MB.

Unloading 5 unused Assets to reduce memory usage. Loaded Objects now: 1620.
Total: 3.214700 ms (FindLiveObjects: 0.271300 ms CreateObjectMapping: 0.096800 ms MarkObjects: 2.755400 ms  DeleteObjects: 0.088900 ms)

========================================================================
Received Prepare
Registering precompiled user dll's ...
Registered in 0.001846 seconds.
Begin MonoManager ReloadAssembly
Native extension for WindowsStandalone target not found
Refreshing native plugins compatible for Editor in 0.20 ms, found 0 plugins.
Preloading 0 native plugins for Editor in 0.00 ms.
Invoked RoslynAnalysisRunner static constructor.
RoslynAnalysisRunner will not be running.
RoslynAnalysisRunner has terminated.
Mono: successfully reloaded assembly
- Completed reload, in  1.090 seconds
Platform modules already initialized, skipping
Refreshing native plugins compatible for Editor in 0.23 ms, found 0 plugins.
Preloading 0 native plugins for Editor in 0.00 ms.
Unloading 1114 Unused Serialized files (Serialized files now loaded: 0)
System memory in use before: 60.8 MB.
System memory in use after: 60.9 MB.

Unloading 5 unused Assets to reduce memory usage. Loaded Objects now: 1623.
Total: 1.758200 ms (FindLiveObjects: 0.232800 ms CreateObjectMapping: 0.032400 ms MarkObjects: 1.385400 ms  DeleteObjects: 0.106800 ms)

========================================================================
Received Import Request.
  Time since last request: 1720.600345 seconds.
  path: Assets/90.Shooting/GUISkin/MySkin.guiskin
  artifactKey: Guid(34ebad236e9017a4193c41c7fcdd87e0) Importer(815301076,1909f56bfc062723c751e8b465ee728b)
Start importing Assets/90.Shooting/GUISkin/MySkin.guiskin using Guid(34ebad236e9017a4193c41c7fcdd87e0) Importer(815301076,1909f56bfc062723c751e8b465ee728b)  -> (artifact id: '47db5fb92c2c4ed6f7f517f34a475029') in 0.014768 seconds
  Import took 0.016605 seconds .

========================================================================
Received Import Request.
  Time since last request: 1.500868 seconds.
  path: Assets/90.Shooting/GUISkin/MySkin.guiskin
  artifactKey: Guid(34ebad236e9017a4193c41c7fcdd87e0) Importer(815301076,1909f56bfc062723c751e8b465ee728b)
Start importing Assets/90.Shooting/GUISkin/MySkin.guiskin using Guid(34ebad236e9017a4193c41c7fcdd87e0) Importer(815301076,1909f56bfc062723c751e8b465ee728b)  -> (artifact id: '47db5fb92c2c4ed6f7f517f34a475029') in 0.005072 seconds
  Import took 0.006889 seconds .

========================================================================
Received Prepare
Registering precompiled user dll's ...
Registered in 0.000992 seconds.
Begin MonoManager ReloadAssembly
Native extension for WindowsStandalone target not found
Refreshing native plugins compatible for Editor in 0.51 ms, found 0 plugins.
Preloading 0 native plugins for Editor in 0.00 ms.
Invoked RoslynAnalysisRunner static constructor.
RoslynAnalysisRunner will not be running.
RoslynAnalysisRunner has terminated.
Mono: successfully reloaded assembly
- Completed reload, in  1.237 seconds
Platform modules already initialized, skipping
Refreshing native plugins compatible for Editor in 0.21 ms, found 0 plugins.
Preloading 0 native plugins for Editor in 0.00 ms.
Unloading 1114 Unused Serialized files (Serialized files now loaded: 0)
System memory in use before: 60.8 MB.
System memory in use after: 60.9 MB.

Unloading 5 unused Assets to reduce memory usage. Loaded Objects now: 1626.
Total: 2.215900 ms (FindLiveObjects: 0.284800 ms CreateObjectMapping: 0.089000 ms MarkObjects: 1.750300 ms  DeleteObjects: 0.090100 ms)

========================================================================
Received Import Request.
  Time since last request: 11.493825 seconds.
  path: Assets/90.Shooting/GUISkin/MySkin.guiskin
  artifactKey: Guid(34ebad236e9017a4193c41c7fcdd87e0) Importer(815301076,1909f56bfc062723c751e8b465ee728b)
Start importing Assets/90.Shooting/GUISkin/MySkin.guiskin using Guid(34ebad236e9017a4193c41c7fcdd87e0) Importer(815301076,1909f56bfc062723c751e8b465ee728b)  -> (artifact id: '0899ada88e6435404752acc9d10cd2d8') in 0.013470 seconds
  Import took 0.016184 seconds .

========================================================================
Received Prepare
Registering precompiled user dll's ...
Registered in 0.001057 seconds.
Begin MonoManager ReloadAssembly
Native extension for WindowsStandalone target not found
Refreshing native plugins compatible for Editor in 0.30 ms, found 0 plugins.
Preloading 0 native plugins for Editor in 0.00 ms.
Invoked RoslynAnalysisRunner static constructor.
RoslynAnalysisRunner will not be running.
RoslynAnalysisRunner has terminated.
Mono: successfully reloaded assembly
- Completed reload, in  0.962 seconds
Platform modules already initialized, skipping
Refreshing native plugins compatible for Editor in 0.22 ms, found 0 plugins.
Preloading 0 native plugins for Editor in 0.00 ms.
Unloading 1114 Unused Serialized files (Serialized files now loaded: 0)
System memory in use before: 60.8 MB.
System memory in use after: 60.9 MB.

Unloading 5 unused Assets to reduce memory usage. Loaded Objects now: 1629.
Total: 1.603400 ms (FindLiveObjects: 0.129500 ms CreateObjectMapping: 0.038000 ms MarkObjects: 1.345900 ms  DeleteObjects: 0.088300 ms)

========================================================================
Received Import Request.
  Time since last request: 331.943172 seconds.
  path: Assets/90.Shooting/Prefabs/GameOverPanel.prefab
  artifactKey: Guid(88c1d21b0e677a342ae7ede046d49191) Importer(815301076,1909f56bfc062723c751e8b465ee728b)
Start importing Assets/90.Shooting/Prefabs/GameOverPanel.prefab using Guid(88c1d21b0e677a342ae7ede046d49191) Importer(815301076,1909f56bfc062723c751e8b465ee728b)  -> (artifact id: '0c91ad19ba4ee82dc8e51c28ebecb416') in 0.043149 seconds
  Import took 0.045782 seconds .

========================================================================
Received Import Request.
  Time since last request: 0.003974 seconds.
  path: Assets/90.Shooting/Prefabs/GameOverPanel.prefab
  artifactKey: Guid(88c1d21b0e677a342ae7ede046d49191) Importer(815301076,1909f56bfc062723c751e8b465ee728b)
Start importing Assets/90.Shooting/Prefabs/GameOverPanel.prefab using Guid(88c1d21b0e677a342ae7ede046d49191) Importer(815301076,1909f56bfc062723c751e8b465ee728b)  -> (artifact id: '0c91ad19ba4ee82dc8e51c28ebecb416') in 0.007232 seconds
  Import took 0.009534 seconds .

========================================================================
Received Prepare
Registering precompiled user dll's ...
Registered in 0.000829 seconds.
Begin MonoManager ReloadAssembly
Native extension for WindowsStandalone target not found
Refreshing native plugins compatible for Editor in 0.18 ms, found 0 plugins.
Preloading 0 native plugins for Editor in 0.00 ms.
Invoked RoslynAnalysisRunner static constructor.
RoslynAnalysisRunner will not be running.
RoslynAnalysisRunner has terminated.
Mono: successfully reloaded assembly
- Completed reload, in  0.863 seconds
Platform modules already initialized, skipping
Refreshing native plugins compatible for Editor in 0.21 ms, found 0 plugins.
Preloading 0 native plugins for Editor in 0.00 ms.
Unloading 1114 Unused Serialized files (Serialized files now loaded: 0)
System memory in use before: 60.8 MB.
System memory in use after: 60.9 MB.

Unloading 6 unused Assets to reduce memory usage. Loaded Objects now: 1632.
Total: 1.978800 ms (FindLiveObjects: 0.275100 ms CreateObjectMapping: 0.080900 ms MarkObjects: 1.559000 ms  DeleteObjects: 0.062900 ms)

========================================================================
Received Import Request.
  Time since last request: 194.805025 seconds.
  path: Assets/90.Shooting/Scenes/Victory.unity
  artifactKey: Guid(b215b536362d9a5469115e09be81d3fa) Importer(815301076,1909f56bfc062723c751e8b465ee728b)
Start importing Assets/90.Shooting/Scenes/Victory.unity using Guid(b215b536362d9a5469115e09be81d3fa) Importer(815301076,1909f56bfc062723c751e8b465ee728b)  -> (artifact id: 'c9a4a2066907cf2eea90034b1dd72edc') in 0.015382 seconds
  Import took 0.017727 seconds .

========================================================================
Received Prepare
Registering precompiled user dll's ...
Registered in 0.001070 seconds.
Begin MonoManager ReloadAssembly
Native extension for WindowsStandalone target not found
Refreshing native plugins compatible for Editor in 0.19 ms, found 0 plugins.
Preloading 0 native plugins for Editor in 0.00 ms.
Invoked RoslynAnalysisRunner static constructor.
RoslynAnalysisRunner will not be running.
RoslynAnalysisRunner has terminated.
Mono: successfully reloaded assembly
- Completed reload, in  0.902 seconds
Platform modules already initialized, skipping
Refreshing native plugins compatible for Editor in 0.22 ms, found 0 plugins.
Preloading 0 native plugins for Editor in 0.00 ms.
Unloading 1115 Unused Serialized files (Serialized files now loaded: 0)
System memory in use before: 60.8 MB.
System memory in use after: 60.9 MB.

Unloading 5 unused Assets to reduce memory usage. Loaded Objects now: 1636.
Total: 2.124200 ms (FindLiveObjects: 0.219000 ms CreateObjectMapping: 0.035700 ms MarkObjects: 1.824900 ms  DeleteObjects: 0.043500 ms)

========================================================================
Received Import Request.
  Time since last request: 33.846647 seconds.
  path: Assets/90.Shooting/Scripts/VictoryCo.cs
  artifactKey: Guid(18f6720ab30e2ca40a52b9b248ad11f3) Importer(815301076,1909f56bfc062723c751e8b465ee728b)
Start importing Assets/90.Shooting/Scripts/VictoryCo.cs using Guid(18f6720ab30e2ca40a52b9b248ad11f3) Importer(815301076,1909f56bfc062723c751e8b465ee728b)  -> (artifact id: '46a735d19a1ffa2092a71ed1ef01624c') in 0.006006 seconds
  Import took 0.007929 seconds .

========================================================================
Received Prepare
Registering precompiled user dll's ...
Registered in 0.000778 seconds.
Begin MonoManager ReloadAssembly
Native extension for WindowsStandalone target not found
Refreshing native plugins compatible for Editor in 0.49 ms, found 0 plugins.
Preloading 0 native plugins for Editor in 0.00 ms.
Invoked RoslynAnalysisRunner static constructor.
RoslynAnalysisRunner will not be running.
RoslynAnalysisRunner has terminated.
Mono: successfully reloaded assembly
- Completed reload, in  0.878 seconds
Platform modules already initialized, skipping
Refreshing native plugins compatible for Editor in 0.40 ms, found 0 plugins.
Preloading 0 native plugins for Editor in 0.00 ms.
Unloading 1114 Unused Serialized files (Serialized files now loaded: 0)
System memory in use before: 60.8 MB.
System memory in use after: 60.9 MB.

Unloading 6 unused Assets to reduce memory usage. Loaded Objects now: 1638.
Total: 1.771600 ms (FindLiveObjects: 0.129100 ms CreateObjectMapping: 0.059500 ms MarkObjects: 1.485800 ms  DeleteObjects: 0.096600 ms)

========================================================================
Received Import Request.
  Time since last request: 17.208239 seconds.
  path: Assets/90.Shooting/Scripts/VictoryControl.cs
  artifactKey: Guid(6232c6105e454df4ca3c05ed93303a51) Importer(815301076,1909f56bfc062723c751e8b465ee728b)
Start importing Assets/90.Shooting/Scripts/VictoryControl.cs using Guid(6232c6105e454df4ca3c05ed93303a51) Importer(815301076,1909f56bfc062723c751e8b465ee728b)  -> (artifact id: 'a2c05a21c4b1aefb837e0cd9b90f4baa') in 0.005660 seconds
  Import took 0.009499 seconds .

========================================================================
Received Prepare
Registering precompiled user dll's ...
Registered in 0.000762 seconds.
Begin MonoManager ReloadAssembly
Native extension for WindowsStandalone target not found
Refreshing native plugins compatible for Editor in 0.45 ms, found 0 plugins.
Preloading 0 native plugins for Editor in 0.00 ms.
Invoked RoslynAnalysisRunner static constructor.
RoslynAnalysisRunner will not be running.
RoslynAnalysisRunner has terminated.
Mono: successfully reloaded assembly
- Completed reload, in  0.992 seconds
Platform modules already initialized, skipping
Refreshing native plugins compatible for Editor in 0.20 ms, found 0 plugins.
Preloading 0 native plugins for Editor in 0.00 ms.
Unloading 1115 Unused Serialized files (Serialized files now loaded: 0)
System memory in use before: 60.8 MB.
System memory in use after: 60.9 MB.

Unloading 5 unused Assets to reduce memory usage. Loaded Objects now: 1642.
Total: 2.093800 ms (FindLiveObjects: 0.218100 ms CreateObjectMapping: 0.039000 ms MarkObjects: 1.754200 ms  DeleteObjects: 0.081400 ms)

========================================================================
Received Prepare
Registering precompiled user dll's ...
Registered in 0.000795 seconds.
Begin MonoManager ReloadAssembly
Native extension for WindowsStandalone target not found
Refreshing native plugins compatible for Editor in 0.20 ms, found 0 plugins.
Preloading 0 native plugins for Editor in 0.00 ms.
Invoked RoslynAnalysisRunner static constructor.
RoslynAnalysisRunner will not be running.
RoslynAnalysisRunner has terminated.
Mono: successfully reloaded assembly
- Completed reload, in  0.842 seconds
Platform modules already initialized, skipping
Refreshing native plugins compatible for Editor in 0.25 ms, found 0 plugins.
Preloading 0 native plugins for Editor in 0.00 ms.
Unloading 1115 Unused Serialized files (Serialized files now loaded: 0)
System memory in use before: 60.9 MB.
System memory in use after: 60.9 MB.

Unloading 5 unused Assets to reduce memory usage. Loaded Objects now: 1645.
Total: 1.669700 ms (FindLiveObjects: 0.131000 ms CreateObjectMapping: 0.035500 ms MarkObjects: 1.457300 ms  DeleteObjects: 0.044800 ms)

========================================================================
Received Prepare
Registering precompiled user dll's ...
Registered in 0.001084 seconds.
Begin MonoManager ReloadAssembly
Native extension for WindowsStandalone target not found
Refreshing native plugins compatible for Editor in 0.32 ms, found 0 plugins.
Preloading 0 native plugins for Editor in 0.00 ms.
Invoked RoslynAnalysisRunner static constructor.
RoslynAnalysisRunner will not be running.
RoslynAnalysisRunner has terminated.
Mono: successfully reloaded assembly
- Completed reload, in  1.161 seconds
Platform modules already initialized, skipping
Refreshing native plugins compatible for Editor in 0.22 ms, found 0 plugins.
Preloading 0 native plugins for Editor in 0.00 ms.
Unloading 1115 Unused Serialized files (Serialized files now loaded: 0)
System memory in use before: 60.9 MB.
System memory in use after: 60.9 MB.

Unloading 5 unused Assets to reduce memory usage. Loaded Objects now: 1648.
Total: 1.645000 ms (FindLiveObjects: 0.118500 ms CreateObjectMapping: 0.028100 ms MarkObjects: 1.456800 ms  DeleteObjects: 0.040400 ms)

========================================================================
Received Import Request.
  Time since last request: 454.788133 seconds.
  path: Assets/90.Shooting/Scenes/Level1.unity
  artifactKey: Guid(f15ddfb8cd21b274c9da8429d2b6c401) Importer(815301076,1909f56bfc062723c751e8b465ee728b)
Start importing Assets/90.Shooting/Scenes/Level1.unity using Guid(f15ddfb8cd21b274c9da8429d2b6c401) Importer(815301076,1909f56bfc062723c751e8b465ee728b)  -> (artifact id: '630592ad4d49565d14690b5f7cd48b28') in 0.012376 seconds
  Import took 0.014419 seconds .

========================================================================
Received Import Request.
  Time since last request: 17.413869 seconds.
  path: Assets/90.Shooting/Scenes/Victory.unity
  artifactKey: Guid(b215b536362d9a5469115e09be81d3fa) Importer(815301076,1909f56bfc062723c751e8b465ee728b)
Start importing Assets/90.Shooting/Scenes/Victory.unity using Guid(b215b536362d9a5469115e09be81d3fa) Importer(815301076,1909f56bfc062723c751e8b465ee728b)  -> (artifact id: '6e9537b92e03c96224afe0ff7b09d9e9') in 0.004505 seconds
  Import took 0.006544 seconds .

========================================================================
Received Prepare
Registering precompiled user dll's ...
Registered in 0.000956 seconds.
Begin MonoManager ReloadAssembly
Native extension for WindowsStandalone target not found
Refreshing native plugins compatible for Editor in 0.19 ms, found 0 plugins.
Preloading 0 native plugins for Editor in 0.00 ms.
Invoked RoslynAnalysisRunner static constructor.
RoslynAnalysisRunner will not be running.
RoslynAnalysisRunner has terminated.
Mono: successfully reloaded assembly
- Completed reload, in  0.851 seconds
Platform modules already initialized, skipping
Refreshing native plugins compatible for Editor in 0.23 ms, found 0 plugins.
Preloading 0 native plugins for Editor in 0.00 ms.
Unloading 1115 Unused Serialized files (Serialized files now loaded: 0)
System memory in use before: 60.9 MB.
System memory in use after: 61.0 MB.

Unloading 5 unused Assets to reduce memory usage. Loaded Objects now: 1651.
Total: 1.519400 ms (FindLiveObjects: 0.126500 ms CreateObjectMapping: 0.025600 ms MarkObjects: 1.322800 ms  DeleteObjects: 0.043700 ms)

========================================================================
Received Prepare
Refreshing native plugins compatible for Editor in 0.95 ms, found 0 plugins.
Preloading 0 native plugins for Editor in 0.00 ms.
Unloading 3 Unused Serialized files (Serialized files now loaded: 0)
System memory in use before: 38.8 MB.
System memory in use after: 38.9 MB.

Unloading 3 unused Assets to reduce memory usage. Loaded Objects now: 1651.
Total: 1.771700 ms (FindLiveObjects: 0.154100 ms CreateObjectMapping: 0.033000 ms MarkObjects: 1.543800 ms  DeleteObjects: 0.039700 ms)

========================================================================
Received Prepare
Refreshing native plugins compatible for Editor in 0.87 ms, found 0 plugins.
Preloading 0 native plugins for Editor in 0.00 ms.
Unloading 3 Unused Serialized files (Serialized files now loaded: 0)
System memory in use before: 38.9 MB.
System memory in use after: 39.0 MB.

Unloading 3 unused Assets to reduce memory usage. Loaded Objects now: 1651.
Total: 2.532400 ms (FindLiveObjects: 0.321200 ms CreateObjectMapping: 0.062200 ms MarkObjects: 2.107100 ms  DeleteObjects: 0.040800 ms)

